<?xml version="1.0" encoding="UTF-8"?>
<!-- Generated by org.testng.reporters.JUnitXMLReporter -->
<testsuite ignored="0" hostname="Gouri" failures="0" tests="2" name="End2End" time="83.608" errors="0" timestamp="2023-06-25T16:49:44 IST">
  <testcase classname="AppiumFrameworkDesign.testUtils.BaseTest" name="@BeforeClass serverStart" time="83.093">
    <failure type="org.openqa.selenium.SessionNotCreatedException" message="Could not start a new session. Response code 500. Message: An unknown server-side error occurred while processing the command. Original error: Cannot start the &amp;apos;com.androidsample.generalstore&amp;apos; application. Consider checking the driver&amp;apos;s troubleshooting documentation. Original error: &amp;apos;com.androidsample.generalstore.SplashActivity&amp;apos; or &amp;apos;com.androidsample.generalstore.com.androidsample.generalstore.SplashActivity&amp;apos; never started. Consider checking the driver&amp;apos;s troubleshooting documentation. 
Host info: host: &amp;apos;GOURI&amp;apos;, ip: &amp;apos;10.0.0.4&amp;apos;
Build info: version: &amp;apos;4.10.0&amp;apos;, revision: &amp;apos;c14d967899&amp;apos;
System info: os.name: &amp;apos;Windows 10&amp;apos;, os.arch: &amp;apos;amd64&amp;apos;, os.version: &amp;apos;10.0&amp;apos;, java.version: &amp;apos;11.0.13&amp;apos;
Driver info: io.appium.java_client.android.AndroidDriver
Command: [null, newSession {capabilities=[{appium:chromedriverExecutable=C:\Appium\driver\chromedriver_91.4\chromedriver.exe, appium:deviceName=ArkavEmulator, platformName=ANDROID, appium:automationName=UIAutomator2, appium:app=C:\Selenium\PROG3\AppiumFrameworkDesign_ERep_Maven\src\test\java\AppiumFrameworkDesign\testData\General-Store.apk}], desiredCapabilities=Capabilities {appium:app: C:\Selenium\PROG3\AppiumFra..., appium:automationName: UIAutomator2, appium:chromedriverExecutable: C:\Appium\driver\chromedriv..., appium:deviceName: ArkavEmulator, platformName: ANDROID}}]
Capabilities {appium:app: C:\Selenium\PROG3\AppiumFra..., appium:automationName: UIAutomator2, appium:chromedriverExecutable: C:\Appium\driver\chromedriv..., appium:deviceName: ArkavEmulator, platformName: ANDROID}">
      <![CDATA[org.openqa.selenium.SessionNotCreatedException: Could not start a new session. Response code 500. Message: An unknown server-side error occurred while processing the command. Original error: Cannot start the 'com.androidsample.generalstore' application. Consider checking the driver's troubleshooting documentation. Original error: 'com.androidsample.generalstore.SplashActivity' or 'com.androidsample.generalstore.com.androidsample.generalstore.SplashActivity' never started. Consider checking the driver's troubleshooting documentation. 
Host info: host: 'GOURI', ip: '10.0.0.4'
Build info: version: '4.10.0', revision: 'c14d967899'
System info: os.name: 'Windows 10', os.arch: 'amd64', os.version: '10.0', java.version: '11.0.13'
Driver info: io.appium.java_client.android.AndroidDriver
Command: [null, newSession {capabilities=[{appium:chromedriverExecutable=C:\Appium\driver\chromedriver_91.4\chromedriver.exe, appium:deviceName=ArkavEmulator, platformName=ANDROID, appium:automationName=UIAutomator2, appium:app=C:\Selenium\PROG3\AppiumFrameworkDesign_ERep_Maven\src\test\java\AppiumFrameworkDesign\testData\General-Store.apk}], desiredCapabilities=Capabilities {appium:app: C:\Selenium\PROG3\AppiumFra..., appium:automationName: UIAutomator2, appium:chromedriverExecutable: C:\Appium\driver\chromedriv..., appium:deviceName: ArkavEmulator, platformName: ANDROID}}]
Capabilities {appium:app: C:\Selenium\PROG3\AppiumFra..., appium:automationName: UIAutomator2, appium:chromedriverExecutable: C:\Appium\driver\chromedriv..., appium:deviceName: ArkavEmulator, platformName: ANDROID}
at org.openqa.selenium.remote.ProtocolHandshake.createSession(ProtocolHandshake.java:140)
at io.appium.java_client.remote.AppiumProtocolHandshake.createSession(AppiumProtocolHandshake.java:133)
at io.appium.java_client.remote.AppiumProtocolHandshake.createSession(AppiumProtocolHandshake.java:102)
at io.appium.java_client.remote.AppiumCommandExecutor.createSession(AppiumCommandExecutor.java:182)
at io.appium.java_client.remote.AppiumCommandExecutor.execute(AppiumCommandExecutor.java:250)
at org.openqa.selenium.remote.RemoteWebDriver.execute(RemoteWebDriver.java:531)
at io.appium.java_client.AppiumDriver.startSession(AppiumDriver.java:274)
at org.openqa.selenium.remote.RemoteWebDriver.<init>(RemoteWebDriver.java:154)
at io.appium.java_client.AppiumDriver.<init>(AppiumDriver.java:89)
at io.appium.java_client.AppiumDriver.<init>(AppiumDriver.java:101)
at io.appium.java_client.android.AndroidDriver.<init>(AndroidDriver.java:113)
at AppiumFrameworkDesign.testUtils.BaseTest.serverStart(BaseTest.java:62)
at java.base/java.util.ArrayList.forEach(ArrayList.java:1541)
... Removed 33 stack frames]]>
    </failure>
  </testcase> <!-- @BeforeClass serverStart -->
  <testcase classname="AppiumFrameworkDesign.testUtils.BaseTest" name="@AfterClass serverStop" time="0.003">
    <failure type="java.lang.NullPointerException">
      <![CDATA[java.lang.NullPointerException
at AppiumFrameworkDesign.testUtils.BaseTest.serverStop(BaseTest.java:71)
at java.base/java.util.ArrayList.forEach(ArrayList.java:1541)
... Removed 29 stack frames]]>
    </failure>
  </testcase> <!-- @AfterClass serverStop -->
  <testcase classname="AppiumFrameworkDesign.eCommerce_TC_01" name="formFillErrorMessage" time="0.0">
    <skipped/>
  </testcase> <!-- formFillErrorMessage -->
  <testcase classname="AppiumFrameworkDesign.eCommerce_TC_01" name="formFillPositive" time="0.0">
    <skipped/>
  </testcase> <!-- formFillPositive -->
</testsuite> <!-- End2End -->
