<!DOCTYPE html PUBLIC "-//W3C//DTD XHTML 1.1//EN" "https://www.w3.org/TR/xhtml11/DTD/xhtml11.dtd">
<html xmlns="https://www.w3.org/1999/xhtml">
<head>
<meta http-equiv="content-type" content="text/html; charset=UTF-8"/>
<title>TestNG Report</title>
<style type="text/css">table {margin-bottom:10px;border-collapse:collapse;empty-cells:show}th,td {border:1px solid #009;padding:.25em .5em}th {vertical-align:bottom}td {vertical-align:top}table a {font-weight:bold}.stripe td {background-color: #E6EBF9}.num {text-align:right}.passedodd td {background-color: #3F3}.passedeven td {background-color: #0A0}.skippedodd td {background-color: #DDD}.skippedeven td {background-color: #CCC}.failedodd td,.attn {background-color: #F33}.failedeven td,.stripe .attn {background-color: #D00}.stacktrace {white-space:pre;font-family:monospace}.totop {font-size:85%;text-align:center;border-bottom:2px solid #000}.invisible {display:none}</style>
</head>
<body>
<table>
<tr><th>Test</th><th># Passed</th><th># Skipped</th><th># Retried</th><th># Failed</th><th>Time (ms)</th><th>Included Groups</th><th>Excluded Groups</th></tr>
<tr><th colspan="8">Suite</th></tr>
<tr><td><a href="#t0">End2End</a></td><td class="num">0</td><td class="num attn">2</td><td class="num">0</td><td class="num">0</td><td class="num">83,608</td><td></td><td></td></tr>
<tr class="stripe"><td><a href="#t1">ErrorValidation</a></td><td class="num">0</td><td class="num attn">1</td><td class="num">0</td><td class="num">0</td><td class="num">47,424</td><td></td><td></td></tr>
<tr><th>Total</th><th class="num">0</th><th class="num attn">3</th><th class="num">0</th><th class="num">0</th><th class="num">131,032</th><th colspan="2"></th></tr>
</table>
<table id='summary'><thead><tr><th>Class</th><th>Method</th><th>Start</th><th>Time (ms)</th></tr></thead><tbody><tr><th colspan="4">Suite</th></tr></tbody><tbody id="t0"><tr><th colspan="4">End2End &#8212; failed (configuration methods)</th></tr><tr class="failedeven"><td rowspan="2">AppiumFrameworkDesign.eCommerce_TC_01</td><td><a href="#m0">serverStart</a></td><td rowspan="1">1687691898217</td><td rowspan="1">83093</td></tr><tr class="failedeven"><td><a href="#m1">serverStop</a></td><td rowspan="1">1687691981776</td><td rowspan="1">3</td></tr><tr><th colspan="4">End2End &#8212; skipped</th></tr><tr class="skippedeven"><td rowspan="2">AppiumFrameworkDesign.eCommerce_TC_01</td><td><a href="#m2">formFillErrorMessage</a></td><td rowspan="1">1687691981650</td><td rowspan="1">0</td></tr><tr class="skippedeven"><td><a href="#m3">formFillPositive</a></td><td rowspan="1">1687691981767</td><td rowspan="1">0</td></tr></tbody>
<tbody id="t1"><tr><th colspan="4">ErrorValidation &#8212; failed (configuration methods)</th></tr><tr class="failedeven"><td rowspan="2">AppiumFrameworkDesign.eCommerce_TC_4</td><td><a href="#m4">serverStart</a></td><td rowspan="1">1687691984258</td><td rowspan="1">45809</td></tr><tr class="failedeven"><td><a href="#m5">serverStop</a></td><td rowspan="1">1687692031676</td><td rowspan="1">3</td></tr><tr><th colspan="4">ErrorValidation &#8212; skipped</th></tr><tr class="skippedeven"><td rowspan="1">AppiumFrameworkDesign.eCommerce_TC_4</td><td><a href="#m6">formFill</a></td><td rowspan="1">1687692031652</td><td rowspan="1">0</td></tr></tbody>
</table>
<h2>End2End</h2><h3 id="m0">AppiumFrameworkDesign.eCommerce_TC_01#serverStart</h3><table class="result"><tr><th>Exception</th></tr><tr><td><div class="stacktrace">org.openqa.selenium.SessionNotCreatedException: Could not start a new session. Response code 500. Message: An unknown server-side error occurred while processing the command. Original error: Cannot start the &apos;com.androidsample.generalstore&apos; application. Consider checking the driver&apos;s troubleshooting documentation. Original error: &apos;com.androidsample.generalstore.SplashActivity&apos; or &apos;com.androidsample.generalstore.com.androidsample.generalstore.SplashActivity&apos; never started. Consider checking the driver&apos;s troubleshooting documentation. 
Host info: host: &apos;GOURI&apos;, ip: &apos;10.0.0.4&apos;
Build info: version: &apos;4.10.0&apos;, revision: &apos;c14d967899&apos;
System info: os.name: &apos;Windows 10&apos;, os.arch: &apos;amd64&apos;, os.version: &apos;10.0&apos;, java.version: &apos;11.0.13&apos;
Driver info: io.appium.java_client.android.AndroidDriver
Command: [null, newSession {capabilities=[{appium:chromedriverExecutable=C:\Appium\driver\chromedriver_91.4\chromedriver.exe, appium:deviceName=ArkavEmulator, platformName=ANDROID, appium:automationName=UIAutomator2, appium:app=C:\Selenium\PROG3\AppiumFrameworkDesign_ERep_Maven\src\test\java\AppiumFrameworkDesign\testData\General-Store.apk}], desiredCapabilities=Capabilities {appium:app: C:\Selenium\PROG3\AppiumFra..., appium:automationName: UIAutomator2, appium:chromedriverExecutable: C:\Appium\driver\chromedriv..., appium:deviceName: ArkavEmulator, platformName: ANDROID}}]
Capabilities {appium:app: C:\Selenium\PROG3\AppiumFra..., appium:automationName: UIAutomator2, appium:chromedriverExecutable: C:\Appium\driver\chromedriv..., appium:deviceName: ArkavEmulator, platformName: ANDROID}
	at org.openqa.selenium.remote.ProtocolHandshake.createSession(ProtocolHandshake.java:140)
	at io.appium.java_client.remote.AppiumProtocolHandshake.createSession(AppiumProtocolHandshake.java:133)
	at io.appium.java_client.remote.AppiumProtocolHandshake.createSession(AppiumProtocolHandshake.java:102)
	at io.appium.java_client.remote.AppiumCommandExecutor.createSession(AppiumCommandExecutor.java:182)
	at io.appium.java_client.remote.AppiumCommandExecutor.execute(AppiumCommandExecutor.java:250)
	at org.openqa.selenium.remote.RemoteWebDriver.execute(RemoteWebDriver.java:531)
	at io.appium.java_client.AppiumDriver.startSession(AppiumDriver.java:274)
	at org.openqa.selenium.remote.RemoteWebDriver.&lt;init&gt;(RemoteWebDriver.java:154)
	at io.appium.java_client.AppiumDriver.&lt;init&gt;(AppiumDriver.java:89)
	at io.appium.java_client.AppiumDriver.&lt;init&gt;(AppiumDriver.java:101)
	at io.appium.java_client.android.AndroidDriver.&lt;init&gt;(AndroidDriver.java:113)
	at AppiumFrameworkDesign.testUtils.BaseTest.serverStart(BaseTest.java:62)
	at java.base/java.util.ArrayList.forEach(ArrayList.java:1541)
... Removed 33 stack frames</div></td></tr></table><p class="totop"><a href="#summary">back to summary</a></p>
<h3 id="m1">AppiumFrameworkDesign.eCommerce_TC_01#serverStop</h3><table class="result"><tr><th>Exception</th></tr><tr><td><div class="stacktrace">java.lang.NullPointerException
	at AppiumFrameworkDesign.testUtils.BaseTest.serverStop(BaseTest.java:71)
	at java.base/java.util.ArrayList.forEach(ArrayList.java:1541)
... Removed 29 stack frames</div></td></tr></table><p class="totop"><a href="#summary">back to summary</a></p>
<h3 id="m2">AppiumFrameworkDesign.eCommerce_TC_01#formFillErrorMessage</h3><table class="result"><tr><th>Exception</th></tr><tr><td><div class="stacktrace">org.openqa.selenium.SessionNotCreatedException: Could not start a new session. Response code 500. Message: An unknown server-side error occurred while processing the command. Original error: Cannot start the &apos;com.androidsample.generalstore&apos; application. Consider checking the driver&apos;s troubleshooting documentation. Original error: &apos;com.androidsample.generalstore.SplashActivity&apos; or &apos;com.androidsample.generalstore.com.androidsample.generalstore.SplashActivity&apos; never started. Consider checking the driver&apos;s troubleshooting documentation. 
Host info: host: &apos;GOURI&apos;, ip: &apos;10.0.0.4&apos;
Build info: version: &apos;4.10.0&apos;, revision: &apos;c14d967899&apos;
System info: os.name: &apos;Windows 10&apos;, os.arch: &apos;amd64&apos;, os.version: &apos;10.0&apos;, java.version: &apos;11.0.13&apos;
Driver info: io.appium.java_client.android.AndroidDriver
Command: [null, newSession {capabilities=[{appium:chromedriverExecutable=C:\Appium\driver\chromedriver_91.4\chromedriver.exe, appium:deviceName=ArkavEmulator, platformName=ANDROID, appium:automationName=UIAutomator2, appium:app=C:\Selenium\PROG3\AppiumFrameworkDesign_ERep_Maven\src\test\java\AppiumFrameworkDesign\testData\General-Store.apk}], desiredCapabilities=Capabilities {appium:app: C:\Selenium\PROG3\AppiumFra..., appium:automationName: UIAutomator2, appium:chromedriverExecutable: C:\Appium\driver\chromedriv..., appium:deviceName: ArkavEmulator, platformName: ANDROID}}]
Capabilities {appium:app: C:\Selenium\PROG3\AppiumFra..., appium:automationName: UIAutomator2, appium:chromedriverExecutable: C:\Appium\driver\chromedriv..., appium:deviceName: ArkavEmulator, platformName: ANDROID}
	at org.openqa.selenium.remote.ProtocolHandshake.createSession(ProtocolHandshake.java:140)
	at io.appium.java_client.remote.AppiumProtocolHandshake.createSession(AppiumProtocolHandshake.java:133)
	at io.appium.java_client.remote.AppiumProtocolHandshake.createSession(AppiumProtocolHandshake.java:102)
	at io.appium.java_client.remote.AppiumCommandExecutor.createSession(AppiumCommandExecutor.java:182)
	at io.appium.java_client.remote.AppiumCommandExecutor.execute(AppiumCommandExecutor.java:250)
	at org.openqa.selenium.remote.RemoteWebDriver.execute(RemoteWebDriver.java:531)
	at io.appium.java_client.AppiumDriver.startSession(AppiumDriver.java:274)
	at org.openqa.selenium.remote.RemoteWebDriver.&lt;init&gt;(RemoteWebDriver.java:154)
	at io.appium.java_client.AppiumDriver.&lt;init&gt;(AppiumDriver.java:89)
	at io.appium.java_client.AppiumDriver.&lt;init&gt;(AppiumDriver.java:101)
	at io.appium.java_client.android.AndroidDriver.&lt;init&gt;(AndroidDriver.java:113)
	at AppiumFrameworkDesign.testUtils.BaseTest.serverStart(BaseTest.java:62)
	at java.base/java.util.ArrayList.forEach(ArrayList.java:1541)
... Removed 33 stack frames</div></td></tr></table><p class="totop"><a href="#summary">back to summary</a></p>
<h3 id="m3">AppiumFrameworkDesign.eCommerce_TC_01#formFillPositive</h3><table class="result"><tr><th>Exception</th></tr><tr><td><div class="stacktrace">org.openqa.selenium.SessionNotCreatedException: Could not start a new session. Response code 500. Message: An unknown server-side error occurred while processing the command. Original error: Cannot start the &apos;com.androidsample.generalstore&apos; application. Consider checking the driver&apos;s troubleshooting documentation. Original error: &apos;com.androidsample.generalstore.SplashActivity&apos; or &apos;com.androidsample.generalstore.com.androidsample.generalstore.SplashActivity&apos; never started. Consider checking the driver&apos;s troubleshooting documentation. 
Host info: host: &apos;GOURI&apos;, ip: &apos;10.0.0.4&apos;
Build info: version: &apos;4.10.0&apos;, revision: &apos;c14d967899&apos;
System info: os.name: &apos;Windows 10&apos;, os.arch: &apos;amd64&apos;, os.version: &apos;10.0&apos;, java.version: &apos;11.0.13&apos;
Driver info: io.appium.java_client.android.AndroidDriver
Command: [null, newSession {capabilities=[{appium:chromedriverExecutable=C:\Appium\driver\chromedriver_91.4\chromedriver.exe, appium:deviceName=ArkavEmulator, platformName=ANDROID, appium:automationName=UIAutomator2, appium:app=C:\Selenium\PROG3\AppiumFrameworkDesign_ERep_Maven\src\test\java\AppiumFrameworkDesign\testData\General-Store.apk}], desiredCapabilities=Capabilities {appium:app: C:\Selenium\PROG3\AppiumFra..., appium:automationName: UIAutomator2, appium:chromedriverExecutable: C:\Appium\driver\chromedriv..., appium:deviceName: ArkavEmulator, platformName: ANDROID}}]
Capabilities {appium:app: C:\Selenium\PROG3\AppiumFra..., appium:automationName: UIAutomator2, appium:chromedriverExecutable: C:\Appium\driver\chromedriv..., appium:deviceName: ArkavEmulator, platformName: ANDROID}
	at org.openqa.selenium.remote.ProtocolHandshake.createSession(ProtocolHandshake.java:140)
	at io.appium.java_client.remote.AppiumProtocolHandshake.createSession(AppiumProtocolHandshake.java:133)
	at io.appium.java_client.remote.AppiumProtocolHandshake.createSession(AppiumProtocolHandshake.java:102)
	at io.appium.java_client.remote.AppiumCommandExecutor.createSession(AppiumCommandExecutor.java:182)
	at io.appium.java_client.remote.AppiumCommandExecutor.execute(AppiumCommandExecutor.java:250)
	at org.openqa.selenium.remote.RemoteWebDriver.execute(RemoteWebDriver.java:531)
	at io.appium.java_client.AppiumDriver.startSession(AppiumDriver.java:274)
	at org.openqa.selenium.remote.RemoteWebDriver.&lt;init&gt;(RemoteWebDriver.java:154)
	at io.appium.java_client.AppiumDriver.&lt;init&gt;(AppiumDriver.java:89)
	at io.appium.java_client.AppiumDriver.&lt;init&gt;(AppiumDriver.java:101)
	at io.appium.java_client.android.AndroidDriver.&lt;init&gt;(AndroidDriver.java:113)
	at AppiumFrameworkDesign.testUtils.BaseTest.serverStart(BaseTest.java:62)
	at java.base/java.util.ArrayList.forEach(ArrayList.java:1541)
... Removed 33 stack frames</div></td></tr></table><p class="totop"><a href="#summary">back to summary</a></p>
<h2>ErrorValidation</h2><h3 id="m4">AppiumFrameworkDesign.eCommerce_TC_4#serverStart</h3><table class="result"><tr><th>Exception</th></tr><tr><td><div class="stacktrace">org.openqa.selenium.SessionNotCreatedException: Could not start a new session. Response code 500. Message: An unknown server-side error occurred while processing the command. Original error: The instrumentation process cannot be initialized within 30000ms timeout. Make sure the application under test does not crash and investigate the logcat output. You could also try to increase the value of &apos;uiautomator2ServerLaunchTimeout&apos; capability 
Host info: host: &apos;GOURI&apos;, ip: &apos;10.0.0.4&apos;
Build info: version: &apos;4.10.0&apos;, revision: &apos;c14d967899&apos;
System info: os.name: &apos;Windows 10&apos;, os.arch: &apos;amd64&apos;, os.version: &apos;10.0&apos;, java.version: &apos;11.0.13&apos;
Driver info: io.appium.java_client.android.AndroidDriver
Command: [null, newSession {capabilities=[{appium:chromedriverExecutable=C:\Appium\driver\chromedriver_91.4\chromedriver.exe, appium:deviceName=ArkavEmulator, platformName=ANDROID, appium:automationName=UIAutomator2, appium:app=C:\Selenium\PROG3\AppiumFrameworkDesign_ERep_Maven\src\test\java\AppiumFrameworkDesign\testData\General-Store.apk}], desiredCapabilities=Capabilities {appium:app: C:\Selenium\PROG3\AppiumFra..., appium:automationName: UIAutomator2, appium:chromedriverExecutable: C:\Appium\driver\chromedriv..., appium:deviceName: ArkavEmulator, platformName: ANDROID}}]
Capabilities {appium:app: C:\Selenium\PROG3\AppiumFra..., appium:automationName: UIAutomator2, appium:chromedriverExecutable: C:\Appium\driver\chromedriv..., appium:deviceName: ArkavEmulator, platformName: ANDROID}
	at org.openqa.selenium.remote.ProtocolHandshake.createSession(ProtocolHandshake.java:140)
	at io.appium.java_client.remote.AppiumProtocolHandshake.createSession(AppiumProtocolHandshake.java:133)
	at io.appium.java_client.remote.AppiumProtocolHandshake.createSession(AppiumProtocolHandshake.java:102)
	at io.appium.java_client.remote.AppiumCommandExecutor.createSession(AppiumCommandExecutor.java:182)
	at io.appium.java_client.remote.AppiumCommandExecutor.execute(AppiumCommandExecutor.java:250)
	at org.openqa.selenium.remote.RemoteWebDriver.execute(RemoteWebDriver.java:531)
	at io.appium.java_client.AppiumDriver.startSession(AppiumDriver.java:274)
	at org.openqa.selenium.remote.RemoteWebDriver.&lt;init&gt;(RemoteWebDriver.java:154)
	at io.appium.java_client.AppiumDriver.&lt;init&gt;(AppiumDriver.java:89)
	at io.appium.java_client.AppiumDriver.&lt;init&gt;(AppiumDriver.java:101)
	at io.appium.java_client.android.AndroidDriver.&lt;init&gt;(AndroidDriver.java:113)
	at AppiumFrameworkDesign.testUtils.BaseTest.serverStart(BaseTest.java:62)
	at java.base/java.util.ArrayList.forEach(ArrayList.java:1541)
... Removed 33 stack frames</div></td></tr></table><p class="totop"><a href="#summary">back to summary</a></p>
<h3 id="m5">AppiumFrameworkDesign.eCommerce_TC_4#serverStop</h3><table class="result"><tr><th>Exception</th></tr><tr><td><div class="stacktrace">java.lang.NullPointerException
	at AppiumFrameworkDesign.testUtils.BaseTest.serverStop(BaseTest.java:71)
	at java.base/java.util.ArrayList.forEach(ArrayList.java:1541)
... Removed 29 stack frames</div></td></tr></table><p class="totop"><a href="#summary">back to summary</a></p>
<h3 id="m6">AppiumFrameworkDesign.eCommerce_TC_4#formFill</h3><table class="result"><tr class="param"><th>Parameter #1</th></tr><tr class="param stripe"><td>{name=Arkav, country=Bhutan, gender=male}</td></tr><tr><th>Exception</th></tr><tr><td><div class="stacktrace">org.openqa.selenium.SessionNotCreatedException: Could not start a new session. Response code 500. Message: An unknown server-side error occurred while processing the command. Original error: The instrumentation process cannot be initialized within 30000ms timeout. Make sure the application under test does not crash and investigate the logcat output. You could also try to increase the value of &apos;uiautomator2ServerLaunchTimeout&apos; capability 
Host info: host: &apos;GOURI&apos;, ip: &apos;10.0.0.4&apos;
Build info: version: &apos;4.10.0&apos;, revision: &apos;c14d967899&apos;
System info: os.name: &apos;Windows 10&apos;, os.arch: &apos;amd64&apos;, os.version: &apos;10.0&apos;, java.version: &apos;11.0.13&apos;
Driver info: io.appium.java_client.android.AndroidDriver
Command: [null, newSession {capabilities=[{appium:chromedriverExecutable=C:\Appium\driver\chromedriver_91.4\chromedriver.exe, appium:deviceName=ArkavEmulator, platformName=ANDROID, appium:automationName=UIAutomator2, appium:app=C:\Selenium\PROG3\AppiumFrameworkDesign_ERep_Maven\src\test\java\AppiumFrameworkDesign\testData\General-Store.apk}], desiredCapabilities=Capabilities {appium:app: C:\Selenium\PROG3\AppiumFra..., appium:automationName: UIAutomator2, appium:chromedriverExecutable: C:\Appium\driver\chromedriv..., appium:deviceName: ArkavEmulator, platformName: ANDROID}}]
Capabilities {appium:app: C:\Selenium\PROG3\AppiumFra..., appium:automationName: UIAutomator2, appium:chromedriverExecutable: C:\Appium\driver\chromedriv..., appium:deviceName: ArkavEmulator, platformName: ANDROID}
	at org.openqa.selenium.remote.ProtocolHandshake.createSession(ProtocolHandshake.java:140)
	at io.appium.java_client.remote.AppiumProtocolHandshake.createSession(AppiumProtocolHandshake.java:133)
	at io.appium.java_client.remote.AppiumProtocolHandshake.createSession(AppiumProtocolHandshake.java:102)
	at io.appium.java_client.remote.AppiumCommandExecutor.createSession(AppiumCommandExecutor.java:182)
	at io.appium.java_client.remote.AppiumCommandExecutor.execute(AppiumCommandExecutor.java:250)
	at org.openqa.selenium.remote.RemoteWebDriver.execute(RemoteWebDriver.java:531)
	at io.appium.java_client.AppiumDriver.startSession(AppiumDriver.java:274)
	at org.openqa.selenium.remote.RemoteWebDriver.&lt;init&gt;(RemoteWebDriver.java:154)
	at io.appium.java_client.AppiumDriver.&lt;init&gt;(AppiumDriver.java:89)
	at io.appium.java_client.AppiumDriver.&lt;init&gt;(AppiumDriver.java:101)
	at io.appium.java_client.android.AndroidDriver.&lt;init&gt;(AndroidDriver.java:113)
	at AppiumFrameworkDesign.testUtils.BaseTest.serverStart(BaseTest.java:62)
	at java.base/java.util.ArrayList.forEach(ArrayList.java:1541)
... Removed 33 stack frames</div></td></tr></table><p class="totop"><a href="#summary">back to summary</a></p>
</body>
</html>
